[debug] [2024-11-10T15:19:38.239Z] ----------------------------------------------------------------------
[debug] [2024-11-10T15:19:38.244Z] Command:       C:\Program Files\nodejs\node.exe C:\Users\Wapiiqo\AppData\Roaming\npm\node_modules\firebase-tools\lib\bin\firebase.js init
[debug] [2024-11-10T15:19:38.245Z] CLI Version:   13.23.1
[debug] [2024-11-10T15:19:38.245Z] Platform:      win32
[debug] [2024-11-10T15:19:38.246Z] Node Version:  v21.1.0
[debug] [2024-11-10T15:19:38.247Z] Time:          Sun Nov 10 2024 22:19:38 GMT+0700 (Western Indonesia Time)
[debug] [2024-11-10T15:19:38.247Z] ----------------------------------------------------------------------
[debug] 
[debug] [2024-11-10T15:19:38.372Z] Object "" in "firebase.json" has unknown property: {"additionalProperty":"flutter"}
[debug] [2024-11-10T15:19:38.382Z] > command requires scopes: ["email","openid","https://www.googleapis.com/auth/cloudplatformprojects.readonly","https://www.googleapis.com/auth/firebase","https://www.googleapis.com/auth/cloud-platform"]
[debug] [2024-11-10T15:19:38.382Z] > authorizing via signed-in user (muhammadwafiq1313@gmail.com)
[debug] [2024-11-10T15:19:38.384Z] Object "" in "firebase.json" has unknown property: {"additionalProperty":"flutter"}
[info] 
     ######## #### ########  ######## ########     ###     ######  ########
     ##        ##  ##     ## ##       ##     ##  ##   ##  ##       ##
     ######    ##  ########  ######   ########  #########  ######  ######
     ##        ##  ##    ##  ##       ##     ## ##     ##       ## ##
     ##       #### ##     ## ######## ########  ##     ##  ######  ########

You're about to initialize a Firebase project in this directory:

  D:\Hworld\Flutter\FruitSmart

Before we get started, keep in mind:

  * You are initializing within an existing Firebase project directory

[info] 
=== Project Setup
[info] 
[info] First, let's associate this project directory with a Firebase project.
[info] You can create multiple project aliases by running firebase use --add, 
[info] but for now we'll just set up a default project.
[info] 
[info] 
=== Emulators Setup
